c:\users\lloan\downloads\client-master(1)\client-master\client168_rc14h_ok\1.68rc14h\client\t4clauncher\debug\t4clauncher.pch
c:\users\lloan\downloads\client-master(1)\client-master\client168_rc14h_ok\1.68rc14h\client\t4clauncher\debug\vc143.pdb
c:\users\lloan\downloads\client-master(1)\client-master\client168_rc14h_ok\1.68rc14h\client\t4clauncher\debug\vc143.idb
c:\users\lloan\downloads\client-master(1)\client-master\client168_rc14h_ok\1.68rc14h\client\t4clauncher\debug\stdafx.obj
c:\users\lloan\downloads\client-master(1)\client-master\client168_rc14h_ok\1.68rc14h\client\t4clauncher\debug\t4clauncher.obj
c:\users\lloan\downloads\client-master(1)\client-master\client168_rc14h_ok\1.68rc14h\client\t4clauncher\debug\serverdlg.obj
c:\users\lloan\downloads\client-master(1)\client-master\client168_rc14h_ok\1.68rc14h\client\t4clauncher\debug\nmdshow.obj
c:\users\lloan\downloads\client-master(1)\client-master\client168_rc14h_ok\1.68rc14h\client\t4clauncher\debug\maindialog.obj
c:\users\lloan\downloads\client-master(1)\client-master\client168_rc14h_ok\1.68rc14h\client\t4clauncher\debug\macrodialog.obj
c:\users\lloan\downloads\client-master(1)\client-master\client168_rc14h_ok\1.68rc14h\client\t4clauncher\debug\encrandom.obj
c:\users\lloan\downloads\client-master(1)\client-master\client168_rc14h_ok\1.68rc14h\client\t4clauncher\debug\dib.obj
c:\users\lloan\downloads\client-master(1)\client-master\client168_rc14h_ok\1.68rc14h\client\t4clauncher\debug\common.obj
c:\users\lloan\downloads\client-master(1)\client-master\client168_rc14h_ok\1.68rc14h\client\t4clauncher\debug\coloredlistctrl.obj
c:\users\lloan\downloads\client-master(1)\client-master\client168_rc14h_ok\1.68rc14h\client\t4clauncher\debug\guilocalstring.obj
c:\users\lloan\downloads\client-master(1)\client-master\client168_rc14h_ok\1.68rc14h\client\t4clauncher\debug\uiclabel.obj
c:\users\lloan\downloads\client-master(1)\client-master\client168_rc14h_ok\1.68rc14h\client\t4clauncher\debug\skinbutton.obj
c:\users\lloan\downloads\client-master(1)\client-master\client168_rc14h_ok\1.68rc14h\client\t4clauncher\debug\nmtranslistctrl.obj
c:\users\lloan\downloads\client-master(1)\client-master\client168_rc14h_ok\1.68rc14h\client\t4clauncher\debug\edittrans.obj
c:\users\lloan\downloads\client-master(1)\client-master\client168_rc14h_ok\1.68rc14h\client\t4clauncher\debug\dropbtn.obj
c:\users\lloan\downloads\client-master(1)\client-master\client168_rc14h_ok\1.68rc14h\client\t4clauncher\debug\creditsctrl.obj
c:\users\lloan\downloads\client-master(1)\client-master\client168_rc14h_ok\1.68rc14h\client\debug\t4clauncher.dll
c:\users\lloan\downloads\client-master(1)\client-master\client168_rc14h_ok\1.68rc14h\client\t4clauncher\debug\t4clauncher.pdb
c:\users\lloan\downloads\client-master(1)\client-master\client168_rc14h_ok\1.68rc14h\client\t4clauncher\debug\t4clauncher.res
c:\users\lloan\downloads\client-master(1)\client-master\client168_rc14h_ok\1.68rc14h\client\t4clauncher\debug\t4clauncher.lib
c:\users\lloan\downloads\client-master(1)\client-master\client168_rc14h_ok\1.68rc14h\client\t4clauncher\debug\t4clauncher.exp
c:\users\lloan\downloads\client-master(1)\client-master\client168_rc14h_ok\1.68rc14h\client\t4clauncher\debug\t4clauncher.tlog\cl.command.1.tlog
c:\users\lloan\downloads\client-master(1)\client-master\client168_rc14h_ok\1.68rc14h\client\t4clauncher\debug\t4clauncher.tlog\cl.items.tlog
c:\users\lloan\downloads\client-master(1)\client-master\client168_rc14h_ok\1.68rc14h\client\t4clauncher\debug\t4clauncher.tlog\cl.read.1.tlog
c:\users\lloan\downloads\client-master(1)\client-master\client168_rc14h_ok\1.68rc14h\client\t4clauncher\debug\t4clauncher.tlog\cl.write.1.tlog
c:\users\lloan\downloads\client-master(1)\client-master\client168_rc14h_ok\1.68rc14h\client\t4clauncher\debug\t4clauncher.tlog\link.command.1.tlog
c:\users\lloan\downloads\client-master(1)\client-master\client168_rc14h_ok\1.68rc14h\client\t4clauncher\debug\t4clauncher.tlog\link.read.1.tlog
c:\users\lloan\downloads\client-master(1)\client-master\client168_rc14h_ok\1.68rc14h\client\t4clauncher\debug\t4clauncher.tlog\link.secondary.1.tlog
c:\users\lloan\downloads\client-master(1)\client-master\client168_rc14h_ok\1.68rc14h\client\t4clauncher\debug\t4clauncher.tlog\link.write.1.tlog
c:\users\lloan\downloads\client-master(1)\client-master\client168_rc14h_ok\1.68rc14h\client\t4clauncher\debug\t4clauncher.tlog\rc.command.1.tlog
c:\users\lloan\downloads\client-master(1)\client-master\client168_rc14h_ok\1.68rc14h\client\t4clauncher\debug\t4clauncher.tlog\rc.read.1.tlog
c:\users\lloan\downloads\client-master(1)\client-master\client168_rc14h_ok\1.68rc14h\client\t4clauncher\debug\t4clauncher.tlog\rc.write.1.tlog
