c:\users\lloan\downloads\client-master(1)\client-master\client168_rc14h_ok\1.68rc14h\client\t4c client\debug\t4c client.pch
c:\users\lloan\downloads\client-master(1)\client-master\client168_rc14h_ok\1.68rc14h\client\t4c client\debug\vc143.pdb
c:\users\lloan\downloads\client-master(1)\client-master\client168_rc14h_ok\1.68rc14h\client\t4c client\debug\pch.sbr
c:\users\lloan\downloads\client-master(1)\client-master\client168_rc14h_ok\1.68rc14h\client\t4c client\debug\pch.obj
c:\users\lloan\downloads\client-master(1)\client-master\client168_rc14h_ok\1.68rc14h\client\t4c client\debug\2.sbr
c:\users\lloan\downloads\client-master(1)\client-master\client168_rc14h_ok\1.68rc14h\client\t4c client\debug\app.sbr
c:\users\lloan\downloads\client-master(1)\client-master\client168_rc14h_ok\1.68rc14h\client\t4c client\debug\audio.sbr
c:\users\lloan\downloads\client-master(1)\client-master\client168_rc14h_ok\1.68rc14h\client\t4c client\debug\autolock.sbr
c:\users\lloan\downloads\client-master(1)\client-master\client168_rc14h_ok\1.68rc14h\client\t4c client\debug\buffer_nt.sbr
c:\users\lloan\downloads\client-master(1)\client-master\client168_rc14h_ok\1.68rc14h\client\t4c client\debug\cdaduio.sbr
c:\users\lloan\downloads\client-master(1)\client-master\client168_rc14h_ok\1.68rc14h\client\t4c client\debug\comm.sbr
c:\users\lloan\downloads\client-master(1)\client-master\client168_rc14h_ok\1.68rc14h\client\t4c client\debug\commcenter.sbr
c:\users\lloan\downloads\client-master(1)\client-master\client168_rc14h_ok\1.68rc14h\client\t4c client\debug\database2.sbr
c:\users\lloan\downloads\client-master(1)\client-master\client168_rc14h_ok\1.68rc14h\client\t4c client\debug\debugloggerapi.sbr
c:\users\lloan\downloads\client-master(1)\client-master\client168_rc14h_ok\1.68rc14h\client\t4c client\debug\directsocket.sbr
c:\users\lloan\downloads\client-master(1)\client-master\client168_rc14h_ok\1.68rc14h\client\t4c client\debug\directxinput.sbr
c:\users\lloan\downloads\client-master(1)\client-master\client168_rc14h_ok\1.68rc14h\client\t4c client\debug\disp.sbr
c:\users\lloan\downloads\client-master(1)\client-master\client168_rc14h_ok\1.68rc14h\client\t4c client\debug\encrandom.sbr
c:\users\lloan\downloads\client-master(1)\client-master\client168_rc14h_ok\1.68rc14h\client\t4c client\debug\encrypter.sbr
c:\users\lloan\downloads\client-master(1)\client-master\client168_rc14h_ok\1.68rc14h\client\t4c client\debug\expfltr.sbr
c:\users\lloan\downloads\client-master(1)\client-master\client168_rc14h_ok\1.68rc14h\client\t4c client\debug\fading.sbr
c:\users\lloan\downloads\client-master(1)\client-master\client168_rc14h_ok\1.68rc14h\client\t4c client\debug\filelogger.sbr
c:\users\lloan\downloads\client-master(1)\client-master\client168_rc14h_ok\1.68rc14h\client\t4c client\debug\formats.sbr
c:\users\lloan\downloads\client-master(1)\client-master\client168_rc14h_ok\1.68rc14h\client\t4c client\debug\formattext.sbr
c:\users\lloan\downloads\client-master(1)\client-master\client168_rc14h_ok\1.68rc14h\client\t4c client\debug\formattext.obj
c:\users\lloan\downloads\client-master(1)\client-master\client168_rc14h_ok\1.68rc14h\client\t4c client\debug\formats.obj
c:\users\lloan\downloads\client-master(1)\client-master\client168_rc14h_ok\1.68rc14h\client\t4c client\debug\filelogger.obj
c:\users\lloan\downloads\client-master(1)\client-master\client168_rc14h_ok\1.68rc14h\client\t4c client\debug\fading.obj
c:\users\lloan\downloads\client-master(1)\client-master\client168_rc14h_ok\1.68rc14h\client\t4c client\debug\expfltr.obj
c:\users\lloan\downloads\client-master(1)\client-master\client168_rc14h_ok\1.68rc14h\client\t4c client\debug\encrypter.obj
c:\users\lloan\downloads\client-master(1)\client-master\client168_rc14h_ok\1.68rc14h\client\t4c client\debug\encrandom.obj
c:\users\lloan\downloads\client-master(1)\client-master\client168_rc14h_ok\1.68rc14h\client\t4c client\debug\disp.obj
c:\users\lloan\downloads\client-master(1)\client-master\client168_rc14h_ok\1.68rc14h\client\t4c client\debug\directxinput.obj
c:\users\lloan\downloads\client-master(1)\client-master\client168_rc14h_ok\1.68rc14h\client\t4c client\debug\directsocket.obj
c:\users\lloan\downloads\client-master(1)\client-master\client168_rc14h_ok\1.68rc14h\client\t4c client\debug\debugloggerapi.obj
c:\users\lloan\downloads\client-master(1)\client-master\client168_rc14h_ok\1.68rc14h\client\t4c client\debug\database2.obj
c:\users\lloan\downloads\client-master(1)\client-master\client168_rc14h_ok\1.68rc14h\client\t4c client\debug\commcenter.obj
c:\users\lloan\downloads\client-master(1)\client-master\client168_rc14h_ok\1.68rc14h\client\t4c client\debug\comm.obj
c:\users\lloan\downloads\client-master(1)\client-master\client168_rc14h_ok\1.68rc14h\client\t4c client\debug\cdaduio.obj
c:\users\lloan\downloads\client-master(1)\client-master\client168_rc14h_ok\1.68rc14h\client\t4c client\debug\buffer_nt.obj
c:\users\lloan\downloads\client-master(1)\client-master\client168_rc14h_ok\1.68rc14h\client\t4c client\debug\autolock.obj
c:\users\lloan\downloads\client-master(1)\client-master\client168_rc14h_ok\1.68rc14h\client\t4c client\debug\audio.obj
c:\users\lloan\downloads\client-master(1)\client-master\client168_rc14h_ok\1.68rc14h\client\t4c client\debug\app.obj
c:\users\lloan\downloads\client-master(1)\client-master\client168_rc14h_ok\1.68rc14h\client\t4c client\debug\2.obj
c:\users\lloan\downloads\client-master(1)\client-master\client168_rc14h_ok\1.68rc14h\client\t4c client\debug\gameicons.sbr
c:\users\lloan\downloads\client-master(1)\client-master\client168_rc14h_ok\1.68rc14h\client\t4c client\debug\gamemusic.sbr
c:\users\lloan\downloads\client-master(1)\client-master\client168_rc14h_ok\1.68rc14h\client\t4c client\debug\getopt.sbr
c:\users\lloan\downloads\client-master(1)\client-master\client168_rc14h_ok\1.68rc14h\client\t4c client\debug\global.sbr
c:\users\lloan\downloads\client-master(1)\client-master\client168_rc14h_ok\1.68rc14h\client\t4c client\debug\guidelocalstring.sbr
c:\users\lloan\downloads\client-master(1)\client-master\client168_rc14h_ok\1.68rc14h\client\t4c client\debug\guilocalstring.sbr
c:\users\lloan\downloads\client-master(1)\client-master\client168_rc14h_ok\1.68rc14h\client\t4c client\debug\icon3d.sbr
c:\users\lloan\downloads\client-master(1)\client-master\client168_rc14h_ok\1.68rc14h\client\t4c client\debug\idirectxdraw.sbr
c:\users\lloan\downloads\client-master(1)\client-master\client168_rc14h_ok\1.68rc14h\client\t4c client\debug\idirectximage.sbr
c:\users\lloan\downloads\client-master(1)\client-master\client168_rc14h_ok\1.68rc14h\client\t4c client\debug\idirectxpcx.sbr
c:\users\lloan\downloads\client-master(1)\client-master\client168_rc14h_ok\1.68rc14h\client\t4c client\debug\lightmap.sbr
c:\users\lloan\downloads\client-master(1)\client-master\client168_rc14h_ok\1.68rc14h\client\t4c client\debug\localstring.sbr
c:\users\lloan\downloads\client-master(1)\client-master\client168_rc14h_ok\1.68rc14h\client\t4c client\debug\macrohandler.sbr
c:\users\lloan\downloads\client-master(1)\client-master\client168_rc14h_ok\1.68rc14h\client\t4c client\debug\main2.sbr
c:\users\lloan\downloads\client-master(1)\client-master\client168_rc14h_ok\1.68rc14h\client\t4c client\debug\mathieu.sbr
c:\users\lloan\downloads\client-master(1)\client-master\client168_rc14h_ok\1.68rc14h\client\t4c client\debug\md5checksum.sbr
c:\users\lloan\downloads\client-master(1)\client-master\client168_rc14h_ok\1.68rc14h\client\t4c client\debug\memmapfile.sbr
c:\users\lloan\downloads\client-master(1)\client-master\client168_rc14h_ok\1.68rc14h\client\t4c client\debug\memorymanager.sbr
c:\users\lloan\downloads\client-master(1)\client-master\client168_rc14h_ok\1.68rc14h\client\t4c client\debug\mouse.sbr
c:\users\lloan\downloads\client-master(1)\client-master\client168_rc14h_ok\1.68rc14h\client\t4c client\debug\mouseaction.sbr
c:\users\lloan\downloads\client-master(1)\client-master\client168_rc14h_ok\1.68rc14h\client\t4c client\debug\mouseaction.obj
c:\users\lloan\downloads\client-master(1)\client-master\client168_rc14h_ok\1.68rc14h\client\t4c client\debug\mouse.obj
c:\users\lloan\downloads\client-master(1)\client-master\client168_rc14h_ok\1.68rc14h\client\t4c client\debug\memorymanager.obj
c:\users\lloan\downloads\client-master(1)\client-master\client168_rc14h_ok\1.68rc14h\client\t4c client\debug\memmapfile.obj
c:\users\lloan\downloads\client-master(1)\client-master\client168_rc14h_ok\1.68rc14h\client\t4c client\debug\md5checksum.obj
c:\users\lloan\downloads\client-master(1)\client-master\client168_rc14h_ok\1.68rc14h\client\t4c client\debug\mathieu.obj
c:\users\lloan\downloads\client-master(1)\client-master\client168_rc14h_ok\1.68rc14h\client\t4c client\debug\main2.obj
c:\users\lloan\downloads\client-master(1)\client-master\client168_rc14h_ok\1.68rc14h\client\t4c client\debug\macrohandler.obj
c:\users\lloan\downloads\client-master(1)\client-master\client168_rc14h_ok\1.68rc14h\client\t4c client\debug\localstring.obj
c:\users\lloan\downloads\client-master(1)\client-master\client168_rc14h_ok\1.68rc14h\client\t4c client\debug\lightmap.obj
c:\users\lloan\downloads\client-master(1)\client-master\client168_rc14h_ok\1.68rc14h\client\t4c client\debug\idirectxpcx.obj
c:\users\lloan\downloads\client-master(1)\client-master\client168_rc14h_ok\1.68rc14h\client\t4c client\debug\idirectximage.obj
c:\users\lloan\downloads\client-master(1)\client-master\client168_rc14h_ok\1.68rc14h\client\t4c client\debug\idirectxdraw.obj
c:\users\lloan\downloads\client-master(1)\client-master\client168_rc14h_ok\1.68rc14h\client\t4c client\debug\icon3d.obj
c:\users\lloan\downloads\client-master(1)\client-master\client168_rc14h_ok\1.68rc14h\client\t4c client\debug\guilocalstring.obj
c:\users\lloan\downloads\client-master(1)\client-master\client168_rc14h_ok\1.68rc14h\client\t4c client\debug\guidelocalstring.obj
c:\users\lloan\downloads\client-master(1)\client-master\client168_rc14h_ok\1.68rc14h\client\t4c client\debug\global.obj
c:\users\lloan\downloads\client-master(1)\client-master\client168_rc14h_ok\1.68rc14h\client\t4c client\debug\gamemusic.obj
c:\users\lloan\downloads\client-master(1)\client-master\client168_rc14h_ok\1.68rc14h\client\t4c client\debug\gameicons.obj
c:\users\lloan\downloads\client-master(1)\client-master\client168_rc14h_ok\1.68rc14h\client\t4c client\debug\newfont.sbr
c:\users\lloan\downloads\client-master(1)\client-master\client168_rc14h_ok\1.68rc14h\client\t4c client\debug\animui.sbr
c:\users\lloan\downloads\client-master(1)\client-master\client168_rc14h_ok\1.68rc14h\client\t4c client\debug\chestui.sbr
c:\users\lloan\downloads\client-master(1)\client-master\client168_rc14h_ok\1.68rc14h\client\t4c client\debug\guildui.sbr
c:\users\lloan\downloads\client-master(1)\client-master\client168_rc14h_ok\1.68rc14h\client\t4c client\debug\robui.sbr
c:\users\lloan\downloads\client-master(1)\client-master\client168_rc14h_ok\1.68rc14h\client\t4c client\debug\rthelp.sbr
c:\users\lloan\downloads\client-master(1)\client-master\client168_rc14h_ok\1.68rc14h\client\t4c client\debug\rtitemi.sbr
c:\users\lloan\downloads\client-master(1)\client-master\client168_rc14h_ok\1.68rc14h\client\t4c client\debug\rtmap.sbr
c:\users\lloan\downloads\client-master(1)\client-master\client168_rc14h_ok\1.68rc14h\client\t4c client\debug\scrollui.sbr
c:\users\lloan\downloads\client-master(1)\client-master\client168_rc14h_ok\1.68rc14h\client\t4c client\debug\sidemenu.sbr
c:\users\lloan\downloads\client-master(1)\client-master\client168_rc14h_ok\1.68rc14h\client\t4c client\debug\sliderui.sbr
c:\users\lloan\downloads\client-master(1)\client-master\client168_rc14h_ok\1.68rc14h\client\t4c client\debug\textpageui.sbr
c:\users\lloan\downloads\client-master(1)\client-master\client168_rc14h_ok\1.68rc14h\client\t4c client\debug\tradeui.sbr
c:\users\lloan\downloads\client-master(1)\client-master\client168_rc14h_ok\1.68rc14h\client\t4c client\debug\newsound.sbr
c:\users\lloan\downloads\client-master(1)\client-master\client168_rc14h_ok\1.68rc14h\client\t4c client\debug\newstring.sbr
c:\users\lloan\downloads\client-master(1)\client-master\client168_rc14h_ok\1.68rc14h\client\t4c client\debug\nmvideocapture.sbr
c:\users\lloan\downloads\client-master(1)\client-master\client168_rc14h_ok\1.68rc14h\client\t4c client\debug\ntime.sbr
c:\users\lloan\downloads\client-master(1)\client-master\client168_rc14h_ok\1.68rc14h\client\t4c client\debug\packet.sbr
c:\users\lloan\downloads\client-master(1)\client-master\client168_rc14h_ok\1.68rc14h\client\t4c client\debug\packethandling.sbr
c:\users\lloan\downloads\client-master(1)\client-master\client168_rc14h_ok\1.68rc14h\client\t4c client\debug\pf.sbr
c:\users\lloan\downloads\client-master(1)\client-master\client168_rc14h_ok\1.68rc14h\client\t4c client\debug\pf.obj
c:\users\lloan\downloads\client-master(1)\client-master\client168_rc14h_ok\1.68rc14h\client\t4c client\debug\packethandling.obj
c:\users\lloan\downloads\client-master(1)\client-master\client168_rc14h_ok\1.68rc14h\client\t4c client\debug\packet.obj
c:\users\lloan\downloads\client-master(1)\client-master\client168_rc14h_ok\1.68rc14h\client\t4c client\debug\ntime.obj
c:\users\lloan\downloads\client-master(1)\client-master\client168_rc14h_ok\1.68rc14h\client\t4c client\debug\nmvideocapture.obj
c:\users\lloan\downloads\client-master(1)\client-master\client168_rc14h_ok\1.68rc14h\client\t4c client\debug\newstring.obj
c:\users\lloan\downloads\client-master(1)\client-master\client168_rc14h_ok\1.68rc14h\client\t4c client\debug\newsound.obj
c:\users\lloan\downloads\client-master(1)\client-master\client168_rc14h_ok\1.68rc14h\client\t4c client\debug\tradeui.obj
c:\users\lloan\downloads\client-master(1)\client-master\client168_rc14h_ok\1.68rc14h\client\t4c client\debug\textpageui.obj
c:\users\lloan\downloads\client-master(1)\client-master\client168_rc14h_ok\1.68rc14h\client\t4c client\debug\sliderui.obj
c:\users\lloan\downloads\client-master(1)\client-master\client168_rc14h_ok\1.68rc14h\client\t4c client\debug\sidemenu.obj
c:\users\lloan\downloads\client-master(1)\client-master\client168_rc14h_ok\1.68rc14h\client\t4c client\debug\scrollui.obj
c:\users\lloan\downloads\client-master(1)\client-master\client168_rc14h_ok\1.68rc14h\client\t4c client\debug\rtmap.obj
c:\users\lloan\downloads\client-master(1)\client-master\client168_rc14h_ok\1.68rc14h\client\t4c client\debug\rtitemi.obj
c:\users\lloan\downloads\client-master(1)\client-master\client168_rc14h_ok\1.68rc14h\client\t4c client\debug\rthelp.obj
c:\users\lloan\downloads\client-master(1)\client-master\client168_rc14h_ok\1.68rc14h\client\t4c client\debug\robui.obj
c:\users\lloan\downloads\client-master(1)\client-master\client168_rc14h_ok\1.68rc14h\client\t4c client\debug\guildui.obj
c:\users\lloan\downloads\client-master(1)\client-master\client168_rc14h_ok\1.68rc14h\client\t4c client\debug\chestui.obj
c:\users\lloan\downloads\client-master(1)\client-master\client168_rc14h_ok\1.68rc14h\client\t4c client\debug\animui.obj
c:\users\lloan\downloads\client-master(1)\client-master\client168_rc14h_ok\1.68rc14h\client\t4c client\debug\newfont.obj
c:\users\lloan\downloads\client-master(1)\client-master\client168_rc14h_ok\1.68rc14h\client\t4c client\debug\powerdebug.sbr
c:\users\lloan\downloads\client-master(1)\client-master\client168_rc14h_ok\1.68rc14h\client\t4c client\debug\procstat.sbr
c:\users\lloan\downloads\client-master(1)\client-master\client168_rc14h_ok\1.68rc14h\client\t4c client\debug\puppet.sbr
c:\users\lloan\downloads\client-master(1)\client-master\client168_rc14h_ok\1.68rc14h\client\t4c client\debug\pvpranking.sbr
c:\users\lloan\downloads\client-master(1)\client-master\client168_rc14h_ok\1.68rc14h\client\t4c client\debug\random.sbr
c:\users\lloan\downloads\client-master(1)\client-master\client168_rc14h_ok\1.68rc14h\client\t4c client\debug\request.sbr
c:\users\lloan\downloads\client-master(1)\client-master\client168_rc14h_ok\1.68rc14h\client\t4c client\debug\spell.sbr
c:\users\lloan\downloads\client-master(1)\client-master\client168_rc14h_ok\1.68rc14h\client\t4c client\debug\sprite.sbr
c:\users\lloan\downloads\client-master(1)\client-master\client168_rc14h_ok\1.68rc14h\client\t4c client\debug\sysmsg.sbr
c:\users\lloan\downloads\client-master(1)\client-master\client168_rc14h_ok\1.68rc14h\client\t4c client\debug\systemaction.sbr
c:\users\lloan\downloads\client-master(1)\client-master\client168_rc14h_ok\1.68rc14h\client\t4c client\debug\systeminfo.sbr
c:\users\lloan\downloads\client-master(1)\client-master\client168_rc14h_ok\1.68rc14h\client\t4c client\debug\t3 sound buffer.sbr
c:\users\lloan\downloads\client-master(1)\client-master\client168_rc14h_ok\1.68rc14h\client\t4c client\debug\t3 sound manager.sbr
c:\users\lloan\downloads\client-master(1)\client-master\client168_rc14h_ok\1.68rc14h\client\t4c client\debug\t3 wave filter.sbr
c:\users\lloan\downloads\client-master(1)\client-master\client168_rc14h_ok\1.68rc14h\client\t4c client\debug\tfcobject.sbr
c:\users\lloan\downloads\client-master(1)\client-master\client168_rc14h_ok\1.68rc14h\client\t4c client\debug\tfcpacket.sbr
c:\users\lloan\downloads\client-master(1)\client-master\client168_rc14h_ok\1.68rc14h\client\t4c client\debug\tfcplayer.sbr
c:\users\lloan\downloads\client-master(1)\client-master\client168_rc14h_ok\1.68rc14h\client\t4c client\debug\tfcsocket.sbr
c:\users\lloan\downloads\client-master(1)\client-master\client168_rc14h_ok\1.68rc14h\client\t4c client\debug\tileset.sbr
c:\users\lloan\downloads\client-master(1)\client-master\client168_rc14h_ok\1.68rc14h\client\t4c client\debug\loopthread.sbr
c:\users\lloan\downloads\client-master(1)\client-master\client168_rc14h_ok\1.68rc14h\client\t4c client\debug\loopthread.obj
c:\users\lloan\downloads\client-master(1)\client-master\client168_rc14h_ok\1.68rc14h\client\t4c client\debug\tileset.obj
c:\users\lloan\downloads\client-master(1)\client-master\client168_rc14h_ok\1.68rc14h\client\t4c client\debug\tfcsocket.obj
c:\users\lloan\downloads\client-master(1)\client-master\client168_rc14h_ok\1.68rc14h\client\t4c client\debug\tfcplayer.obj
c:\users\lloan\downloads\client-master(1)\client-master\client168_rc14h_ok\1.68rc14h\client\t4c client\debug\tfcpacket.obj
c:\users\lloan\downloads\client-master(1)\client-master\client168_rc14h_ok\1.68rc14h\client\t4c client\debug\tfcobject.obj
c:\users\lloan\downloads\client-master(1)\client-master\client168_rc14h_ok\1.68rc14h\client\t4c client\debug\t3 wave filter.obj
c:\users\lloan\downloads\client-master(1)\client-master\client168_rc14h_ok\1.68rc14h\client\t4c client\debug\t3 sound manager.obj
c:\users\lloan\downloads\client-master(1)\client-master\client168_rc14h_ok\1.68rc14h\client\t4c client\debug\t3 sound buffer.obj
c:\users\lloan\downloads\client-master(1)\client-master\client168_rc14h_ok\1.68rc14h\client\t4c client\debug\systeminfo.obj
c:\users\lloan\downloads\client-master(1)\client-master\client168_rc14h_ok\1.68rc14h\client\t4c client\debug\systemaction.obj
c:\users\lloan\downloads\client-master(1)\client-master\client168_rc14h_ok\1.68rc14h\client\t4c client\debug\sysmsg.obj
c:\users\lloan\downloads\client-master(1)\client-master\client168_rc14h_ok\1.68rc14h\client\t4c client\debug\sprite.obj
c:\users\lloan\downloads\client-master(1)\client-master\client168_rc14h_ok\1.68rc14h\client\t4c client\debug\spell.obj
c:\users\lloan\downloads\client-master(1)\client-master\client168_rc14h_ok\1.68rc14h\client\t4c client\debug\request.obj
c:\users\lloan\downloads\client-master(1)\client-master\client168_rc14h_ok\1.68rc14h\client\t4c client\debug\random.obj
c:\users\lloan\downloads\client-master(1)\client-master\client168_rc14h_ok\1.68rc14h\client\t4c client\debug\pvpranking.obj
c:\users\lloan\downloads\client-master(1)\client-master\client168_rc14h_ok\1.68rc14h\client\t4c client\debug\puppet.obj
c:\users\lloan\downloads\client-master(1)\client-master\client168_rc14h_ok\1.68rc14h\client\t4c client\debug\procstat.obj
c:\users\lloan\downloads\client-master(1)\client-master\client168_rc14h_ok\1.68rc14h\client\t4c client\debug\powerdebug.obj
c:\users\lloan\downloads\client-master(1)\client-master\client168_rc14h_ok\1.68rc14h\client\t4c client\debug\mutex.sbr
c:\users\lloan\downloads\client-master(1)\client-master\client168_rc14h_ok\1.68rc14h\client\t4c client\debug\queue.sbr
c:\users\lloan\downloads\client-master(1)\client-master\client168_rc14h_ok\1.68rc14h\client\t4c client\debug\queuevector.sbr
c:\users\lloan\downloads\client-master(1)\client-master\client168_rc14h_ok\1.68rc14h\client\t4c client\debug\semaphore.sbr
c:\users\lloan\downloads\client-master(1)\client-master\client168_rc14h_ok\1.68rc14h\client\t4c client\debug\thread.sbr
c:\users\lloan\downloads\client-master(1)\client-master\client168_rc14h_ok\1.68rc14h\client\t4c client\debug\uimouseevent.sbr
c:\users\lloan\downloads\client-master(1)\client-master\client168_rc14h_ok\1.68rc14h\client\t4c client\debug\util.sbr
c:\users\lloan\downloads\client-master(1)\client-master\client168_rc14h_ok\1.68rc14h\client\t4c client\debug\v2database.sbr
c:\users\lloan\downloads\client-master(1)\client-master\client168_rc14h_ok\1.68rc14h\client\t4c client\debug\v2palmanager.sbr
c:\users\lloan\downloads\client-master(1)\client-master\client168_rc14h_ok\1.68rc14h\client\t4c client\debug\v2sprite.sbr
c:\users\lloan\downloads\client-master(1)\client-master\client168_rc14h_ok\1.68rc14h\client\t4c client\debug\version.sbr
c:\users\lloan\downloads\client-master(1)\client-master\client168_rc14h_ok\1.68rc14h\client\t4c client\debug\videocapture.sbr
c:\users\lloan\downloads\client-master(1)\client-master\client168_rc14h_ok\1.68rc14h\client\t4c client\debug\visualobjectlist.sbr
c:\users\lloan\downloads\client-master(1)\client-master\client168_rc14h_ok\1.68rc14h\client\t4c client\debug\vkey.sbr
c:\users\lloan\downloads\client-master(1)\client-master\client168_rc14h_ok\1.68rc14h\client\t4c client\debug\weather.sbr
c:\users\lloan\downloads\client-master(1)\client-master\client168_rc14h_ok\1.68rc14h\client\t4c client\debug\xpstat.sbr
c:\users\lloan\downloads\client-master(1)\client-master\client168_rc14h_ok\1.68rc14h\client\t4c client\debug\xpstat.obj
c:\users\lloan\downloads\client-master(1)\client-master\client168_rc14h_ok\1.68rc14h\client\t4c client\debug\weather.obj
c:\users\lloan\downloads\client-master(1)\client-master\client168_rc14h_ok\1.68rc14h\client\t4c client\debug\vkey.obj
c:\users\lloan\downloads\client-master(1)\client-master\client168_rc14h_ok\1.68rc14h\client\t4c client\debug\visualobjectlist.obj
c:\users\lloan\downloads\client-master(1)\client-master\client168_rc14h_ok\1.68rc14h\client\t4c client\debug\videocapture.obj
c:\users\lloan\downloads\client-master(1)\client-master\client168_rc14h_ok\1.68rc14h\client\t4c client\debug\version.obj
c:\users\lloan\downloads\client-master(1)\client-master\client168_rc14h_ok\1.68rc14h\client\t4c client\debug\v2sprite.obj
c:\users\lloan\downloads\client-master(1)\client-master\client168_rc14h_ok\1.68rc14h\client\t4c client\debug\v2palmanager.obj
c:\users\lloan\downloads\client-master(1)\client-master\client168_rc14h_ok\1.68rc14h\client\t4c client\debug\v2database.obj
c:\users\lloan\downloads\client-master(1)\client-master\client168_rc14h_ok\1.68rc14h\client\t4c client\debug\util.obj
c:\users\lloan\downloads\client-master(1)\client-master\client168_rc14h_ok\1.68rc14h\client\t4c client\debug\uimouseevent.obj
c:\users\lloan\downloads\client-master(1)\client-master\client168_rc14h_ok\1.68rc14h\client\t4c client\debug\thread.obj
c:\users\lloan\downloads\client-master(1)\client-master\client168_rc14h_ok\1.68rc14h\client\t4c client\debug\semaphore.obj
c:\users\lloan\downloads\client-master(1)\client-master\client168_rc14h_ok\1.68rc14h\client\t4c client\debug\queuevector.obj
c:\users\lloan\downloads\client-master(1)\client-master\client168_rc14h_ok\1.68rc14h\client\t4c client\debug\queue.obj
c:\users\lloan\downloads\client-master(1)\client-master\client168_rc14h_ok\1.68rc14h\client\t4c client\debug\mutex.obj
c:\users\lloan\downloads\client-master(1)\client-master\client168_rc14h_ok\1.68rc14h\client\t4c client\debug\webpatch.tli
c:\users\lloan\downloads\client-master(1)\client-master\client168_rc14h_ok\1.68rc14h\client\t4c client\debug\webpatch.tlh
c:\users\lloan\downloads\client-master(1)\client-master\client168_rc14h_ok\1.68rc14h\client\t4c client\debug\t4c client.tlog\cl.command.1.tlog
c:\users\lloan\downloads\client-master(1)\client-master\client168_rc14h_ok\1.68rc14h\client\t4c client\debug\t4c client.tlog\cl.read.1.tlog
c:\users\lloan\downloads\client-master(1)\client-master\client168_rc14h_ok\1.68rc14h\client\t4c client\debug\t4c client.tlog\cl.write.1.tlog
